<?xml version="1.0" encoding="UTF-8"?>
<testsuite xmlns:xsi="http://www.w3.org/2001/XMLSchema-instance" xsi:noNamespaceSchemaLocation="https://maven.apache.org/surefire/maven-surefire-plugin/xsd/surefire-test-report.xsd" version="3.0.2" name="com.bitbox.osint.OsintApplicationTests" time="4.863" tests="1" errors="0" skipped="0" failures="0">
  <properties>
[...]
</properties>
  <testcase name="contextLoads" classname="com.bitbox.osint.OsintApplicationTests" time="0.985">
    <system-out><![CDATA[02:55:11.780 [main] INFO  o.s.t.c.s.AnnotationConfigContextLoaderUtils MDC= - Could not detect default configuration classes for test class [com.bitbox.osint.OsintApplicationTests]: OsintApplicationTests does not declare any static, non-private, non-final, nested classes annotated with @Configuration.
02:55:11.919 [main] INFO  o.s.b.t.c.SpringBootTestContextBootstrapper MDC= - Found @SpringBootConfiguration com.bitbox.osint.OsintApplication for test class com.bitbox.osint.OsintApplicationTests

  .   ____          _            __ _ _
 /\\ / ___'_ __ _ _(_)_ __  __ _ \ \ \ \
( ( )\___ | '_ | '_| | '_ \/ _` | \ \ \ \
 \\/  ___)| |_)| | | | | || (_| |  ) ) ) )
  '  |____| .__|_| |_|_| |_\__, | / / / /
 =========|_|==============|___/=/_/_/_/

 :: Spring Boot ::                (v3.4.0)

02:55:12.481 [main] INFO  c.bitbox.osint.OsintApplicationTests MDC= - Starting OsintApplicationTests using Java 21.0.4 with PID 19544 (started by damiane_navrozashvil in C:\Users\damiane_navrozashvil\Desktop\projectosint\osint\osint)
02:55:12.481 [main] INFO  c.bitbox.osint.OsintApplicationTests MDC= - No active profile set, falling back to 1 default profile: "default"
02:55:13.396 [main] INFO  o.s.d.r.c.RepositoryConfigurationDelegate MDC= - Bootstrapping Spring Data MongoDB repositories in DEFAULT mode.
02:55:13.433 [main] INFO  o.s.d.r.c.RepositoryConfigurationDelegate MDC= - Finished Spring Data repository scanning in 28 ms. Found 0 MongoDB repository interfaces.
02:55:14.039 [main] INFO  org.mongodb.driver.client MDC= - MongoClient with metadata {"driver": {"name": "mongo-java-driver|sync|spring-boot", "version": "5.2.1"}, "os": {"type": "Windows", "name": "Windows 11", "architecture": "amd64", "version": "10.0"}, "platform": "Java/Amazon.com Inc./21.0.4+7-LTS"} created with settings MongoClientSettings{readPreference=primary, writeConcern=WriteConcern{w=null, wTimeout=null ms, journal=null}, retryWrites=true, retryReads=true, readConcern=ReadConcern{level=null}, credential=null, transportSettings=null, commandListeners=[], codecRegistry=ProvidersCodecRegistry{codecProviders=[ValueCodecProvider{}, BsonValueCodecProvider{}, DBRefCodecProvider{}, DBObjectCodecProvider{}, DocumentCodecProvider{}, CollectionCodecProvider{}, IterableCodecProvider{}, MapCodecProvider{}, GeoJsonCodecProvider{}, GridFSFileCodecProvider{}, Jsr310CodecProvider{}, JsonObjectCodecProvider{}, BsonCodecProvider{}, EnumCodecProvider{}, com.mongodb.client.model.mql.ExpressionCodecProvider@55c57422, com.mongodb.Jep395RecordCodecProvider@22825e1e, com.mongodb.KotlinCodecProvider@335f5c69]}, loggerSettings=LoggerSettings{maxDocumentLength=1000}, clusterSettings={hosts=[localhost:27017], srvServiceName=mongodb, mode=SINGLE, requiredClusterType=UNKNOWN, requiredReplicaSetName='null', serverSelector='null', clusterListeners='[]', serverSelectionTimeout='30000 ms', localThreshold='15 ms'}, socketSettings=SocketSettings{connectTimeoutMS=10000, readTimeoutMS=0, receiveBufferSize=0, proxySettings=ProxySettings{host=null, port=null, username=null, password=null}}, heartbeatSocketSettings=SocketSettings{connectTimeoutMS=10000, readTimeoutMS=10000, receiveBufferSize=0, proxySettings=ProxySettings{host=null, port=null, username=null, password=null}}, connectionPoolSettings=ConnectionPoolSettings{maxSize=100, minSize=0, maxWaitTimeMS=120000, maxConnectionLifeTimeMS=0, maxConnectionIdleTimeMS=0, maintenanceInitialDelayMS=0, maintenanceFrequencyMS=60000, connectionPoolListeners=[], maxConnecting=2}, serverSettings=ServerSettings{heartbeatFrequencyMS=10000, minHeartbeatFrequencyMS=500, serverMonitoringMode=AUTO, serverListeners='[]', serverMonitorListeners='[]'}, sslSettings=SslSettings{enabled=false, invalidHostNameAllowed=false, context=null}, applicationName='null', compressorList=[], uuidRepresentation=JAVA_LEGACY, serverApi=null, autoEncryptionSettings=null, dnsClient=null, inetAddressResolver=null, contextProvider=null, timeoutMS=null}
02:55:14.085 [cluster-ClusterId{value='6754d2519d2f0879acd1e2f0', description='null'}-localhost:27017] INFO  org.mongodb.driver.cluster MDC= - Monitor thread successfully connected to server with description ServerDescription{address=localhost:27017, type=REPLICA_SET_PRIMARY, cryptd=false, state=CONNECTED, ok=true, minWireVersion=0, maxWireVersion=21, maxDocumentSize=16777216, logicalSessionTimeoutMinutes=30, roundTripTimeNanos=30003100, minRoundTripTimeNanos=0, setName='localreplica', canonicalAddress=127.0.0.1:27017, hosts=[127.0.0.1:27017], passives=[], arbiters=[], primary='127.0.0.1:27017', tagSet=TagSet{[]}, electionId=7fffffff000000000000000b, setVersion=1, topologyVersion=TopologyVersion{processId=6752fa7339ffcf286c9db96c, counter=6}, lastWriteDate=Sun Dec 08 02:55:09 GET 2024, lastUpdateTimeNanos=120823811847300}
02:55:15.223 [main] INFO  c.bitbox.osint.OsintApplicationTests MDC= - Started OsintApplicationTests in 3.12 seconds (process running for 4.736)
]]></system-out>
    <system-err><![CDATA[Mockito is currently self-attaching to enable the inline-mock-maker. This will no longer work in future releases of the JDK. Please add Mockito as an agent to your build what is described in Mockito's documentation: https://javadoc.io/doc/org.mockito/mockito-core/latest/org/mockito/Mockito.html#0.3
WARNING: A Java agent has been loaded dynamically (C:\Users\damiane_navrozashvil\.m2\repository\net\bytebuddy\byte-buddy-agent\1.15.10\byte-buddy-agent-1.15.10.jar)
WARNING: If a serviceability tool is in use, please run with -XX:+EnableDynamicAgentLoading to hide this warning
WARNING: If a serviceability tool is not in use, please run with -Djdk.instrument.traceUsage for more information
WARNING: Dynamic loading of agents will be disallowed by default in a future release
]]></system-err>
  </testcase>
</testsuite>